Analysis & Synthesis report for Asteroids
Mon Dec  8 18:00:47 2025
Quartus Prime Version 23.1std.0 Build 991 11/28/2023 SC Lite Edition


---------------------
; Table of Contents ;
---------------------
  1. Legal Notice
  2. Analysis & Synthesis Summary
  3. Analysis & Synthesis Settings
  4. Parallel Compilation
  5. Analysis & Synthesis Source Files Read
  6. Analysis & Synthesis Resource Usage Summary
  7. Analysis & Synthesis Resource Utilization by Entity
  8. State Machine - |asteroids_top|ui_state
  9. Registers Removed During Synthesis
 10. Removed Registers Triggering Further Register Optimizations
 11. General Register Statistics
 12. Inverted Register Statistics
 13. Multiplexer Restructuring Statistics (Restructuring Performed)
 14. Parameter Settings for User Entity Instance: meteorthing:meteor0_inst
 15. Parameter Settings for User Entity Instance: ship_sprite_color:ship_color_inst
 16. Port Connectivity Checks: "game_core_simple:core_inst"
 17. Post-Synthesis Netlist Statistics for Top Partition
 18. Elapsed Time Per Partition
 19. Analysis & Synthesis Messages



----------------
; Legal Notice ;
----------------
Copyright (C) 2023  Intel Corporation. All rights reserved.
Your use of Intel Corporation's design tools, logic functions 
and other software and tools, and any partner logic 
functions, and any output files from any of the foregoing 
(including device programming or simulation files), and any 
associated documentation or information are expressly subject 
to the terms and conditions of the Intel Program License 
Subscription Agreement, the Intel Quartus Prime License Agreement,
the Intel FPGA IP License Agreement, or other applicable license
agreement, including, without limitation, that your use is for
the sole purpose of programming logic devices manufactured by
Intel and sold by Intel or its authorized distributors.  Please
refer to the applicable agreement for further details, at
https://fpgasoftware.intel.com/eula.



+----------------------------------------------------------------------------------+
; Analysis & Synthesis Summary                                                     ;
+---------------------------------+------------------------------------------------+
; Analysis & Synthesis Status     ; Successful - Mon Dec  8 18:00:47 2025          ;
; Quartus Prime Version           ; 23.1std.0 Build 991 11/28/2023 SC Lite Edition ;
; Revision Name                   ; Asteroids                                      ;
; Top-level Entity Name           ; asteroids_top                                  ;
; Family                          ; Cyclone V                                      ;
; Logic utilization (in ALMs)     ; N/A                                            ;
; Total registers                 ; 142                                            ;
; Total pins                      ; 38                                             ;
; Total virtual pins              ; 0                                              ;
; Total block memory bits         ; 0                                              ;
; Total DSP Blocks                ; 0                                              ;
; Total HSSI RX PCSs              ; 0                                              ;
; Total HSSI PMA RX Deserializers ; 0                                              ;
; Total HSSI TX PCSs              ; 0                                              ;
; Total HSSI PMA TX Serializers   ; 0                                              ;
; Total PLLs                      ; 0                                              ;
; Total DLLs                      ; 0                                              ;
+---------------------------------+------------------------------------------------+


+---------------------------------------------------------------------------------------------------------------------------+
; Analysis & Synthesis Settings                                                                                             ;
+---------------------------------------------------------------------------------+--------------------+--------------------+
; Option                                                                          ; Setting            ; Default Value      ;
+---------------------------------------------------------------------------------+--------------------+--------------------+
; Device                                                                          ; 5CSEMA5F31C6       ;                    ;
; Top-level entity name                                                           ; asteroids_top      ; Asteroids          ;
; Family name                                                                     ; Cyclone V          ; Cyclone V          ;
; Use smart compilation                                                           ; Off                ; Off                ;
; Enable parallel Assembler and Timing Analyzer during compilation                ; On                 ; On                 ;
; Enable compact report table                                                     ; Off                ; Off                ;
; Restructure Multiplexers                                                        ; Auto               ; Auto               ;
; MLAB Add Timing Constraints For Mixed-Port Feed-Through Mode Setting Don't Care ; Off                ; Off                ;
; Create Debugging Nodes for IP Cores                                             ; Off                ; Off                ;
; Preserve fewer node names                                                       ; On                 ; On                 ;
; Intel FPGA IP Evaluation Mode                                                   ; Enable             ; Enable             ;
; Verilog Version                                                                 ; Verilog_2001       ; Verilog_2001       ;
; VHDL Version                                                                    ; VHDL_1993          ; VHDL_1993          ;
; State Machine Processing                                                        ; Auto               ; Auto               ;
; Safe State Machine                                                              ; Off                ; Off                ;
; Extract Verilog State Machines                                                  ; On                 ; On                 ;
; Extract VHDL State Machines                                                     ; On                 ; On                 ;
; Ignore Verilog initial constructs                                               ; Off                ; Off                ;
; Iteration limit for constant Verilog loops                                      ; 5000               ; 5000               ;
; Iteration limit for non-constant Verilog loops                                  ; 250                ; 250                ;
; Add Pass-Through Logic to Inferred RAMs                                         ; On                 ; On                 ;
; Infer RAMs from Raw Logic                                                       ; On                 ; On                 ;
; Parallel Synthesis                                                              ; On                 ; On                 ;
; DSP Block Balancing                                                             ; Auto               ; Auto               ;
; NOT Gate Push-Back                                                              ; On                 ; On                 ;
; Power-Up Don't Care                                                             ; On                 ; On                 ;
; Remove Redundant Logic Cells                                                    ; Off                ; Off                ;
; Remove Duplicate Registers                                                      ; On                 ; On                 ;
; Ignore CARRY Buffers                                                            ; Off                ; Off                ;
; Ignore CASCADE Buffers                                                          ; Off                ; Off                ;
; Ignore GLOBAL Buffers                                                           ; Off                ; Off                ;
; Ignore ROW GLOBAL Buffers                                                       ; Off                ; Off                ;
; Ignore LCELL Buffers                                                            ; Off                ; Off                ;
; Ignore SOFT Buffers                                                             ; On                 ; On                 ;
; Limit AHDL Integers to 32 Bits                                                  ; Off                ; Off                ;
; Optimization Technique                                                          ; Balanced           ; Balanced           ;
; Carry Chain Length                                                              ; 70                 ; 70                 ;
; Auto Carry Chains                                                               ; On                 ; On                 ;
; Auto Open-Drain Pins                                                            ; On                 ; On                 ;
; Perform WYSIWYG Primitive Resynthesis                                           ; Off                ; Off                ;
; Auto ROM Replacement                                                            ; On                 ; On                 ;
; Auto RAM Replacement                                                            ; On                 ; On                 ;
; Auto DSP Block Replacement                                                      ; On                 ; On                 ;
; Auto Shift Register Replacement                                                 ; Auto               ; Auto               ;
; Allow Shift Register Merging across Hierarchies                                 ; Auto               ; Auto               ;
; Auto Clock Enable Replacement                                                   ; On                 ; On                 ;
; Strict RAM Replacement                                                          ; Off                ; Off                ;
; Allow Synchronous Control Signals                                               ; On                 ; On                 ;
; Force Use of Synchronous Clear Signals                                          ; Off                ; Off                ;
; Auto Resource Sharing                                                           ; Off                ; Off                ;
; Allow Any RAM Size For Recognition                                              ; Off                ; Off                ;
; Allow Any ROM Size For Recognition                                              ; Off                ; Off                ;
; Allow Any Shift Register Size For Recognition                                   ; Off                ; Off                ;
; Use LogicLock Constraints during Resource Balancing                             ; On                 ; On                 ;
; Ignore translate_off and synthesis_off directives                               ; Off                ; Off                ;
; Timing-Driven Synthesis                                                         ; On                 ; On                 ;
; Report Parameter Settings                                                       ; On                 ; On                 ;
; Report Source Assignments                                                       ; On                 ; On                 ;
; Report Connectivity Checks                                                      ; On                 ; On                 ;
; Ignore Maximum Fan-Out Assignments                                              ; Off                ; Off                ;
; Synchronization Register Chain Length                                           ; 3                  ; 3                  ;
; Power Optimization During Synthesis                                             ; Normal compilation ; Normal compilation ;
; HDL message level                                                               ; Level2             ; Level2             ;
; Suppress Register Optimization Related Messages                                 ; Off                ; Off                ;
; Number of Removed Registers Reported in Synthesis Report                        ; 5000               ; 5000               ;
; Number of Swept Nodes Reported in Synthesis Report                              ; 5000               ; 5000               ;
; Number of Inverted Registers Reported in Synthesis Report                       ; 100                ; 100                ;
; Clock MUX Protection                                                            ; On                 ; On                 ;
; Auto Gated Clock Conversion                                                     ; Off                ; Off                ;
; Block Design Naming                                                             ; Auto               ; Auto               ;
; SDC constraint protection                                                       ; Off                ; Off                ;
; Synthesis Effort                                                                ; Auto               ; Auto               ;
; Shift Register Replacement - Allow Asynchronous Clear Signal                    ; On                 ; On                 ;
; Pre-Mapping Resynthesis Optimization                                            ; Off                ; Off                ;
; Analysis & Synthesis Message Level                                              ; Medium             ; Medium             ;
; Disable Register Merging Across Hierarchies                                     ; Auto               ; Auto               ;
; Resource Aware Inference For Block RAM                                          ; On                 ; On                 ;
; Automatic Parallel Synthesis                                                    ; On                 ; On                 ;
; Partial Reconfiguration Bitstream ID                                            ; Off                ; Off                ;
+---------------------------------------------------------------------------------+--------------------+--------------------+


+------------------------------------------+
; Parallel Compilation                     ;
+----------------------------+-------------+
; Processors                 ; Number      ;
+----------------------------+-------------+
; Number detected on machine ; 8           ;
; Maximum allowed            ; 8           ;
;                            ;             ;
; Average used               ; 1.00        ;
; Maximum used               ; 8           ;
;                            ;             ;
; Usage by Processor         ; % Time Used ;
;     Processor 1            ; 100.0%      ;
;     Processor 2            ;   0.0%      ;
;     Processor 3            ;   0.0%      ;
;     Processor 4            ;   0.0%      ;
;     Processor 5            ;   0.0%      ;
;     Processor 6            ;   0.0%      ;
;     Processor 7            ;   0.0%      ;
;     Processor 8            ;   0.0%      ;
+----------------------------+-------------+


+----------------------------------------------------------------------------------------------------------------------------------------------------+
; Analysis & Synthesis Source Files Read                                                                                                             ;
+----------------------------------+-----------------+------------------------+------------------------------------------------------------+---------+
; File Name with User-Entered Path ; Used in Netlist ; File Type              ; File Name with Absolute Path                               ; Library ;
+----------------------------------+-----------------+------------------------+------------------------------------------------------------+---------+
; meteorthing.v                    ; yes             ; User Verilog HDL File  ; C:/Users/close/OneDrive/Desktop/FinalP/meteorthing.v       ;         ;
; vga_sync_640x480.v               ; yes             ; User Verilog HDL File  ; C:/Users/close/OneDrive/Desktop/FinalP/vga_sync_640x480.v  ;         ;
; game_core_simple.v               ; yes             ; User Verilog HDL File  ; C:/Users/close/OneDrive/Desktop/FinalP/game_core_simple.v  ;         ;
; asteroids_top.v                  ; yes             ; User Verilog HDL File  ; C:/Users/close/OneDrive/Desktop/FinalP/asteroids_top.v     ;         ;
; ship_sprite_color.v              ; yes             ; User Verilog HDL File  ; C:/Users/close/OneDrive/Desktop/FinalP/ship_sprite_color.v ;         ;
+----------------------------------+-----------------+------------------------+------------------------------------------------------------+---------+


+-------------------------------------------------------------+
; Analysis & Synthesis Resource Usage Summary                 ;
+---------------------------------------------+---------------+
; Resource                                    ; Usage         ;
+---------------------------------------------+---------------+
; Estimate of Logic utilization (ALMs needed) ; 816           ;
;                                             ;               ;
; Combinational ALUT usage for logic          ; 1306          ;
;     -- 7 input functions                    ; 4             ;
;     -- 6 input functions                    ; 319           ;
;     -- 5 input functions                    ; 284           ;
;     -- 4 input functions                    ; 187           ;
;     -- <=3 input functions                  ; 512           ;
;                                             ;               ;
; Dedicated logic registers                   ; 142           ;
;                                             ;               ;
; I/O pins                                    ; 38            ;
;                                             ;               ;
; Total DSP Blocks                            ; 0             ;
;                                             ;               ;
; Maximum fan-out node                        ; reset_n~input ;
; Maximum fan-out                             ; 174           ;
; Total fan-out                               ; 6207          ;
; Average fan-out                             ; 4.07          ;
+---------------------------------------------+---------------+


+---------------------------------------------------------------------------------------------------------------------------------------------------------------------------------------------------------------------------------------+
; Analysis & Synthesis Resource Utilization by Entity                                                                                                                                                                                   ;
+----------------------------------------+---------------------+---------------------------+-------------------+------------+------+--------------+--------------------------------------------------+-------------------+--------------+
; Compilation Hierarchy Node             ; Combinational ALUTs ; Dedicated Logic Registers ; Block Memory Bits ; DSP Blocks ; Pins ; Virtual Pins ; Full Hierarchy Name                              ; Entity Name       ; Library Name ;
+----------------------------------------+---------------------+---------------------------+-------------------+------------+------+--------------+--------------------------------------------------+-------------------+--------------+
; |asteroids_top                         ; 1306 (617)          ; 142 (4)                   ; 0                 ; 0          ; 38   ; 0            ; |asteroids_top                                   ; asteroids_top     ; work         ;
;    |game_core_simple:core_inst|        ; 541 (541)           ; 92 (92)                   ; 0                 ; 0          ; 0    ; 0            ; |asteroids_top|game_core_simple:core_inst        ; game_core_simple  ; work         ;
;    |meteorthing:meteor0_inst|          ; 30 (30)             ; 25 (25)                   ; 0                 ; 0          ; 0    ; 0            ; |asteroids_top|meteorthing:meteor0_inst          ; meteorthing       ; work         ;
;    |ship_sprite_color:ship_color_inst| ; 67 (67)             ; 0 (0)                     ; 0                 ; 0          ; 0    ; 0            ; |asteroids_top|ship_sprite_color:ship_color_inst ; ship_sprite_color ; work         ;
;    |vga_sync_640x480:vga_inst|         ; 51 (51)             ; 21 (21)                   ; 0                 ; 0          ; 0    ; 0            ; |asteroids_top|vga_sync_640x480:vga_inst         ; vga_sync_640x480  ; work         ;
+----------------------------------------+---------------------+---------------------------+-------------------+------------+------+--------------+--------------------------------------------------+-------------------+--------------+
Note: For table entries with two numbers listed, the numbers in parentheses indicate the number of resources of the given type used by the specific entity alone. The numbers listed outside of parentheses indicate the total resources of the given type used by the specific entity and all of its sub-entities in the hierarchy.


Encoding Type:  One-Hot
+------------------------------------------------------------------------------------+
; State Machine - |asteroids_top|ui_state                                            ;
+----------------------+-------------------+----------------------+------------------+
; Name                 ; ui_state.ST_TITLE ; ui_state.ST_GAMEOVER ; ui_state.ST_PLAY ;
+----------------------+-------------------+----------------------+------------------+
; ui_state.ST_TITLE    ; 0                 ; 0                    ; 0                ;
; ui_state.ST_PLAY     ; 1                 ; 0                    ; 1                ;
; ui_state.ST_GAMEOVER ; 1                 ; 1                    ; 0                ;
+----------------------+-------------------+----------------------+------------------+


+---------------------------------------------------------------------------------------------------------+
; Registers Removed During Synthesis                                                                      ;
+----------------------------------------------+----------------------------------------------------------+
; Register name                                ; Reason for Removal                                       ;
+----------------------------------------------+----------------------------------------------------------+
; meteorthing:meteor0_inst|meteor_x[0..2]      ; Stuck at GND due to stuck port data_in                   ;
; meteorthing:meteor0_inst|meteor_y[0]         ; Stuck at GND due to stuck port data_in                   ;
; game_core_simple:core_inst|prev_meteor0_y[0] ; Stuck at GND due to stuck port data_in                   ;
; game_core_simple:core_inst|prev_meteor1_y[0] ; Stuck at GND due to stuck port data_in                   ;
; game_core_simple:core_inst|prev_meteor1_y[2] ; Merged with game_core_simple:core_inst|prev_meteor0_y[2] ;
; game_core_simple:core_inst|prev_meteor1_y[1] ; Merged with game_core_simple:core_inst|prev_meteor0_y[1] ;
; meteorthing:meteor0_inst|meteor_x[7]         ; Merged with meteorthing:meteor0_inst|meteor_x[3]         ;
; game_core_simple:core_inst|score[0]          ; Stuck at GND due to stuck port data_in                   ;
; meteorthing:meteor0_inst|meteor_x[6]         ; Merged with meteorthing:meteor0_inst|meteor_x[5]         ;
; meteorthing:meteor0_inst|rand_reg[5..7]      ; Lost fanout                                              ;
; Total Number of Removed Registers = 14       ;                                                          ;
+----------------------------------------------+----------------------------------------------------------+


+-----------------------------------------------------------------------------------------------------------------------------------------------+
; Removed Registers Triggering Further Register Optimizations                                                                                   ;
+--------------------------------------+---------------------------+----------------------------------------------------------------------------+
; Register name                        ; Reason for Removal        ; Registers Removed due to This Register                                     ;
+--------------------------------------+---------------------------+----------------------------------------------------------------------------+
; meteorthing:meteor0_inst|meteor_y[0] ; Stuck at GND              ; game_core_simple:core_inst|prev_meteor0_y[0],                              ;
;                                      ; due to stuck port data_in ; game_core_simple:core_inst|prev_meteor1_y[0]                               ;
; meteorthing:meteor0_inst|rand_reg[7] ; Lost Fanouts              ; meteorthing:meteor0_inst|rand_reg[6], meteorthing:meteor0_inst|rand_reg[5] ;
; meteorthing:meteor0_inst|meteor_x[2] ; Stuck at GND              ; game_core_simple:core_inst|score[0]                                        ;
;                                      ; due to stuck port data_in ;                                                                            ;
+--------------------------------------+---------------------------+----------------------------------------------------------------------------+


+------------------------------------------------------+
; General Register Statistics                          ;
+----------------------------------------------+-------+
; Statistic                                    ; Value ;
+----------------------------------------------+-------+
; Total registers                              ; 142   ;
; Number of registers using Synchronous Clear  ; 70    ;
; Number of registers using Synchronous Load   ; 8     ;
; Number of registers using Asynchronous Clear ; 142   ;
; Number of registers using Asynchronous Load  ; 0     ;
; Number of registers using Clock Enable       ; 124   ;
; Number of registers using Preset             ; 0     ;
+----------------------------------------------+-------+


+----------------------------------------------------+
; Inverted Register Statistics                       ;
+------------------------------------------+---------+
; Inverted Register                        ; Fan out ;
+------------------------------------------+---------+
; game_core_simple:core_inst|meteor1_alive ; 5       ;
; meteorthing:meteor0_inst|meteor_size[1]  ; 13      ;
; game_core_simple:core_inst|meteor0_alive ; 5       ;
; game_core_simple:core_inst|ship_hp[0]    ; 6       ;
; game_core_simple:core_inst|ship_hp[1]    ; 8       ;
; game_core_simple:core_inst|ship_x[8]     ; 11      ;
; game_core_simple:core_inst|ship_x[6]     ; 12      ;
; game_core_simple:core_inst|ship_y[5]     ; 11      ;
; game_core_simple:core_inst|ship_y[4]     ; 11      ;
; game_core_simple:core_inst|ship_y[7]     ; 11      ;
; game_core_simple:core_inst|ship_y[6]     ; 11      ;
; game_core_simple:core_inst|meteor1_hp[1] ; 3       ;
; game_core_simple:core_inst|meteor1_hp[0] ; 4       ;
; meteorthing:meteor0_inst|rand_reg[4]     ; 2       ;
; meteorthing:meteor0_inst|rand_reg[3]     ; 2       ;
; meteorthing:meteor0_inst|meteor_x[8]     ; 30      ;
; game_core_simple:core_inst|meteor0_hp[1] ; 3       ;
; game_core_simple:core_inst|meteor0_hp[0] ; 4       ;
; meteorthing:meteor0_inst|rand_reg[1]     ; 5       ;
; Total number of inverted registers = 19  ;         ;
+------------------------------------------+---------+


+-------------------------------------------------------------------------------------------------------------------------------------------------------------------------+
; Multiplexer Restructuring Statistics (Restructuring Performed)                                                                                                          ;
+--------------------+-----------+---------------+----------------------+------------------------+------------+-----------------------------------------------------------+
; Multiplexer Inputs ; Bus Width ; Baseline Area ; Area if Restructured ; Saving if Restructured ; Registered ; Example Multiplexer Output                                ;
+--------------------+-----------+---------------+----------------------+------------------------+------------+-----------------------------------------------------------+
; 3:1                ; 10 bits   ; 20 LEs        ; 0 LEs                ; 20 LEs                 ; Yes        ; |asteroids_top|game_core_simple:core_inst|bullet_x[8]     ;
; 3:1                ; 9 bits    ; 18 LEs        ; 0 LEs                ; 18 LEs                 ; Yes        ; |asteroids_top|meteorthing:meteor0_inst|meteor_y[2]       ;
; 4:1                ; 2 bits    ; 4 LEs         ; 4 LEs                ; 0 LEs                  ; Yes        ; |asteroids_top|game_core_simple:core_inst|bullet_y[0]     ;
; 5:1                ; 15 bits   ; 45 LEs        ; 0 LEs                ; 45 LEs                 ; Yes        ; |asteroids_top|game_core_simple:core_inst|score[4]        ;
; 6:1                ; 8 bits    ; 32 LEs        ; 0 LEs                ; 32 LEs                 ; Yes        ; |asteroids_top|game_core_simple:core_inst|bullet_y[7]     ;
; 6:1                ; 8 bits    ; 32 LEs        ; 8 LEs                ; 24 LEs                 ; Yes        ; |asteroids_top|game_core_simple:core_inst|invinc_timer[1] ;
; 7:1                ; 5 bits    ; 20 LEs        ; 15 LEs               ; 5 LEs                  ; Yes        ; |asteroids_top|game_core_simple:core_inst|ship_y[2]       ;
; 7:1                ; 7 bits    ; 28 LEs        ; 21 LEs               ; 7 LEs                  ; Yes        ; |asteroids_top|game_core_simple:core_inst|ship_x[1]       ;
; 3:1                ; 2 bits    ; 4 LEs         ; 2 LEs                ; 2 LEs                  ; Yes        ; |asteroids_top|game_core_simple:core_inst|ship_hp[0]      ;
; 5:1                ; 2 bits    ; 6 LEs         ; 4 LEs                ; 2 LEs                  ; Yes        ; |asteroids_top|game_core_simple:core_inst|meteor0_hp[1]   ;
; 5:1                ; 2 bits    ; 6 LEs         ; 4 LEs                ; 2 LEs                  ; Yes        ; |asteroids_top|game_core_simple:core_inst|meteor1_hp[0]   ;
; 7:1                ; 4 bits    ; 16 LEs        ; 12 LEs               ; 4 LEs                  ; Yes        ; |asteroids_top|game_core_simple:core_inst|ship_y[4]       ;
; 7:1                ; 2 bits    ; 8 LEs         ; 6 LEs                ; 2 LEs                  ; Yes        ; |asteroids_top|game_core_simple:core_inst|ship_x[8]       ;
; 7:1                ; 3 bits    ; 12 LEs        ; 6 LEs                ; 6 LEs                  ; No         ; |asteroids_top|ui_state                                   ;
+--------------------+-----------+---------------+----------------------+------------------------+------------+-----------------------------------------------------------+


+-----------------------------------------------------------------------+
; Parameter Settings for User Entity Instance: meteorthing:meteor0_inst ;
+----------------+-------+----------------------------------------------+
; Parameter Name ; Value ; Type                                         ;
+----------------+-------+----------------------------------------------+
; SCREEN_W       ; 640   ; Signed Integer                               ;
; SCREEN_H       ; 480   ; Signed Integer                               ;
+----------------+-------+----------------------------------------------+
Note: In order to hide this table in the UI and the text report file, please set the "Show Parameter Settings in Synthesis Report" option in "Analysis and Synthesis Settings -> More Settings" to "Off".


+--------------------------------------------------------------------------------+
; Parameter Settings for User Entity Instance: ship_sprite_color:ship_color_inst ;
+----------------+-------+-------------------------------------------------------+
; Parameter Name ; Value ; Type                                                  ;
+----------------+-------+-------------------------------------------------------+
; SPRITE_W       ; 16    ; Signed Integer                                        ;
; SPRITE_H       ; 16    ; Signed Integer                                        ;
+----------------+-------+-------------------------------------------------------+
Note: In order to hide this table in the UI and the text report file, please set the "Show Parameter Settings in Synthesis Report" option in "Analysis and Synthesis Settings -> More Settings" to "Off".


+-----------------------------------------------------------------------------------------------------------------------+
; Port Connectivity Checks: "game_core_simple:core_inst"                                                                ;
+-------------+--------+----------+-------------------------------------------------------------------------------------+
; Port        ; Type   ; Severity ; Details                                                                             ;
+-------------+--------+----------+-------------------------------------------------------------------------------------+
; ship_facing ; Output ; Info     ; Connected to dangling logic. Logic that only feeds a dangling port will be removed. ;
+-------------+--------+----------+-------------------------------------------------------------------------------------+


+-----------------------------------------------------+
; Post-Synthesis Netlist Statistics for Top Partition ;
+-----------------------+-----------------------------+
; Type                  ; Count                       ;
+-----------------------+-----------------------------+
; arriav_ff             ; 142                         ;
;     CLR               ; 8                           ;
;     CLR SCLR          ; 10                          ;
;     ENA CLR           ; 64                          ;
;     ENA CLR SCLR      ; 52                          ;
;     ENA CLR SCLR SLD  ; 8                           ;
; arriav_lcell_comb     ; 1308                        ;
;     arith             ; 465                         ;
;         0 data inputs ; 22                          ;
;         1 data inputs ; 142                         ;
;         2 data inputs ; 80                          ;
;         3 data inputs ; 10                          ;
;         4 data inputs ; 65                          ;
;         5 data inputs ; 146                         ;
;     extend            ; 4                           ;
;         7 data inputs ; 4                           ;
;     normal            ; 805                         ;
;         0 data inputs ; 2                           ;
;         1 data inputs ; 14                          ;
;         2 data inputs ; 91                          ;
;         3 data inputs ; 119                         ;
;         4 data inputs ; 122                         ;
;         5 data inputs ; 138                         ;
;         6 data inputs ; 319                         ;
;     shared            ; 34                          ;
;         1 data inputs ; 2                           ;
;         2 data inputs ; 32                          ;
; boundary_port         ; 38                          ;
;                       ;                             ;
; Max LUT depth         ; 15.00                       ;
; Average LUT depth     ; 8.80                        ;
+-----------------------+-----------------------------+


+-------------------------------+
; Elapsed Time Per Partition    ;
+----------------+--------------+
; Partition Name ; Elapsed Time ;
+----------------+--------------+
; Top            ; 00:00:03     ;
+----------------+--------------+


+-------------------------------+
; Analysis & Synthesis Messages ;
+-------------------------------+
Info: *******************************************************************
Info: Running Quartus Prime Analysis & Synthesis
    Info: Version 23.1std.0 Build 991 11/28/2023 SC Lite Edition
    Info: Processing started: Mon Dec  8 18:00:38 2025
Info: Command: quartus_map --read_settings_files=on --write_settings_files=off Asteroids -c Asteroids
Warning (18236): Number of processors has not been specified which may cause overloading on shared machines.  Set the global assignment NUM_PARALLEL_PROCESSORS in your QSF to an appropriate value for best performance.
Info (20030): Parallel compilation is enabled and will use 8 of the 8 processors detected
Info (12021): Found 1 design units, including 1 entities, in source file meteorthing.v
    Info (12023): Found entity 1: meteorthing File: C:/Users/close/OneDrive/Desktop/FinalP/meteorthing.v Line: 1
Info (12021): Found 1 design units, including 1 entities, in source file vga_sync_640x480.v
    Info (12023): Found entity 1: vga_sync_640x480 File: C:/Users/close/OneDrive/Desktop/FinalP/vga_sync_640x480.v Line: 1
Info (12021): Found 1 design units, including 1 entities, in source file game_core_simple.v
    Info (12023): Found entity 1: game_core_simple File: C:/Users/close/OneDrive/Desktop/FinalP/game_core_simple.v Line: 10
Warning (10229): Verilog HDL Expression warning at asteroids_top.v(827): truncated literal to match 3 bits File: C:/Users/close/OneDrive/Desktop/FinalP/asteroids_top.v Line: 827
Info (12021): Found 1 design units, including 1 entities, in source file asteroids_top.v
    Info (12023): Found entity 1: asteroids_top File: C:/Users/close/OneDrive/Desktop/FinalP/asteroids_top.v Line: 1
Warning (10463): Verilog HDL Declaration warning at ship_sprite_color.v(182): "inside" is SystemVerilog-2005 keyword File: C:/Users/close/OneDrive/Desktop/FinalP/ship_sprite_color.v Line: 182
Info (12021): Found 1 design units, including 1 entities, in source file ship_sprite_color.v
    Info (12023): Found entity 1: ship_sprite_color File: C:/Users/close/OneDrive/Desktop/FinalP/ship_sprite_color.v Line: 11
Info (12127): Elaborating entity "asteroids_top" for the top level hierarchy
Warning (10230): Verilog HDL assignment warning at asteroids_top.v(119): truncated value with size 11 to match size of target (10) File: C:/Users/close/OneDrive/Desktop/FinalP/asteroids_top.v Line: 119
Warning (10230): Verilog HDL assignment warning at asteroids_top.v(122): truncated value with size 11 to match size of target (10) File: C:/Users/close/OneDrive/Desktop/FinalP/asteroids_top.v Line: 122
Warning (10230): Verilog HDL assignment warning at asteroids_top.v(692): truncated value with size 32 to match size of target (4) File: C:/Users/close/OneDrive/Desktop/FinalP/asteroids_top.v Line: 692
Warning (10230): Verilog HDL assignment warning at asteroids_top.v(691): truncated value with size 32 to match size of target (4) File: C:/Users/close/OneDrive/Desktop/FinalP/asteroids_top.v Line: 691
Warning (10230): Verilog HDL assignment warning at asteroids_top.v(690): truncated value with size 32 to match size of target (4) File: C:/Users/close/OneDrive/Desktop/FinalP/asteroids_top.v Line: 690
Warning (10240): Verilog HDL Always Construct warning at asteroids_top.v(712): inferring latch(es) for variable "t_rel_x", which holds its previous value in one or more paths through the always construct File: C:/Users/close/OneDrive/Desktop/FinalP/asteroids_top.v Line: 712
Warning (10240): Verilog HDL Always Construct warning at asteroids_top.v(712): inferring latch(es) for variable "t_rel_y", which holds its previous value in one or more paths through the always construct File: C:/Users/close/OneDrive/Desktop/FinalP/asteroids_top.v Line: 712
Warning (10240): Verilog HDL Always Construct warning at asteroids_top.v(712): inferring latch(es) for variable "t_char_idx", which holds its previous value in one or more paths through the always construct File: C:/Users/close/OneDrive/Desktop/FinalP/asteroids_top.v Line: 712
Warning (10240): Verilog HDL Always Construct warning at asteroids_top.v(712): inferring latch(es) for variable "t_col", which holds its previous value in one or more paths through the always construct File: C:/Users/close/OneDrive/Desktop/FinalP/asteroids_top.v Line: 712
Warning (10240): Verilog HDL Always Construct warning at asteroids_top.v(712): inferring latch(es) for variable "t_cid", which holds its previous value in one or more paths through the always construct File: C:/Users/close/OneDrive/Desktop/FinalP/asteroids_top.v Line: 712
Warning (10240): Verilog HDL Always Construct warning at asteroids_top.v(712): inferring latch(es) for variable "t_row_bits", which holds its previous value in one or more paths through the always construct File: C:/Users/close/OneDrive/Desktop/FinalP/asteroids_top.v Line: 712
Warning (10240): Verilog HDL Always Construct warning at asteroids_top.v(735): inferring latch(es) for variable "g_rel_x", which holds its previous value in one or more paths through the always construct File: C:/Users/close/OneDrive/Desktop/FinalP/asteroids_top.v Line: 735
Warning (10240): Verilog HDL Always Construct warning at asteroids_top.v(735): inferring latch(es) for variable "g_rel_y", which holds its previous value in one or more paths through the always construct File: C:/Users/close/OneDrive/Desktop/FinalP/asteroids_top.v Line: 735
Warning (10240): Verilog HDL Always Construct warning at asteroids_top.v(735): inferring latch(es) for variable "g_char_idx", which holds its previous value in one or more paths through the always construct File: C:/Users/close/OneDrive/Desktop/FinalP/asteroids_top.v Line: 735
Warning (10240): Verilog HDL Always Construct warning at asteroids_top.v(735): inferring latch(es) for variable "g_col", which holds its previous value in one or more paths through the always construct File: C:/Users/close/OneDrive/Desktop/FinalP/asteroids_top.v Line: 735
Warning (10240): Verilog HDL Always Construct warning at asteroids_top.v(735): inferring latch(es) for variable "g_cid", which holds its previous value in one or more paths through the always construct File: C:/Users/close/OneDrive/Desktop/FinalP/asteroids_top.v Line: 735
Warning (10240): Verilog HDL Always Construct warning at asteroids_top.v(735): inferring latch(es) for variable "g_row_bits", which holds its previous value in one or more paths through the always construct File: C:/Users/close/OneDrive/Desktop/FinalP/asteroids_top.v Line: 735
Warning (10240): Verilog HDL Always Construct warning at asteroids_top.v(758): inferring latch(es) for variable "r_rel_x", which holds its previous value in one or more paths through the always construct File: C:/Users/close/OneDrive/Desktop/FinalP/asteroids_top.v Line: 758
Warning (10240): Verilog HDL Always Construct warning at asteroids_top.v(758): inferring latch(es) for variable "r_rel_y", which holds its previous value in one or more paths through the always construct File: C:/Users/close/OneDrive/Desktop/FinalP/asteroids_top.v Line: 758
Warning (10240): Verilog HDL Always Construct warning at asteroids_top.v(758): inferring latch(es) for variable "r_char_idx", which holds its previous value in one or more paths through the always construct File: C:/Users/close/OneDrive/Desktop/FinalP/asteroids_top.v Line: 758
Warning (10240): Verilog HDL Always Construct warning at asteroids_top.v(758): inferring latch(es) for variable "r_col", which holds its previous value in one or more paths through the always construct File: C:/Users/close/OneDrive/Desktop/FinalP/asteroids_top.v Line: 758
Warning (10240): Verilog HDL Always Construct warning at asteroids_top.v(758): inferring latch(es) for variable "r_cid", which holds its previous value in one or more paths through the always construct File: C:/Users/close/OneDrive/Desktop/FinalP/asteroids_top.v Line: 758
Warning (10240): Verilog HDL Always Construct warning at asteroids_top.v(758): inferring latch(es) for variable "r_row_bits", which holds its previous value in one or more paths through the always construct File: C:/Users/close/OneDrive/Desktop/FinalP/asteroids_top.v Line: 758
Warning (10240): Verilog HDL Always Construct warning at asteroids_top.v(781): inferring latch(es) for variable "s_rel_x", which holds its previous value in one or more paths through the always construct File: C:/Users/close/OneDrive/Desktop/FinalP/asteroids_top.v Line: 781
Warning (10240): Verilog HDL Always Construct warning at asteroids_top.v(781): inferring latch(es) for variable "s_rel_y", which holds its previous value in one or more paths through the always construct File: C:/Users/close/OneDrive/Desktop/FinalP/asteroids_top.v Line: 781
Warning (10240): Verilog HDL Always Construct warning at asteroids_top.v(781): inferring latch(es) for variable "s_char_idx", which holds its previous value in one or more paths through the always construct File: C:/Users/close/OneDrive/Desktop/FinalP/asteroids_top.v Line: 781
Warning (10240): Verilog HDL Always Construct warning at asteroids_top.v(781): inferring latch(es) for variable "s_col", which holds its previous value in one or more paths through the always construct File: C:/Users/close/OneDrive/Desktop/FinalP/asteroids_top.v Line: 781
Warning (10240): Verilog HDL Always Construct warning at asteroids_top.v(781): inferring latch(es) for variable "s_cid", which holds its previous value in one or more paths through the always construct File: C:/Users/close/OneDrive/Desktop/FinalP/asteroids_top.v Line: 781
Warning (10240): Verilog HDL Always Construct warning at asteroids_top.v(781): inferring latch(es) for variable "s_row_bits", which holds its previous value in one or more paths through the always construct File: C:/Users/close/OneDrive/Desktop/FinalP/asteroids_top.v Line: 781
Warning (10240): Verilog HDL Always Construct warning at asteroids_top.v(818): inferring latch(es) for variable "h_rel_x", which holds its previous value in one or more paths through the always construct File: C:/Users/close/OneDrive/Desktop/FinalP/asteroids_top.v Line: 818
Warning (10240): Verilog HDL Always Construct warning at asteroids_top.v(818): inferring latch(es) for variable "h_rel_y", which holds its previous value in one or more paths through the always construct File: C:/Users/close/OneDrive/Desktop/FinalP/asteroids_top.v Line: 818
Warning (10240): Verilog HDL Always Construct warning at asteroids_top.v(818): inferring latch(es) for variable "h_char_idx", which holds its previous value in one or more paths through the always construct File: C:/Users/close/OneDrive/Desktop/FinalP/asteroids_top.v Line: 818
Warning (10240): Verilog HDL Always Construct warning at asteroids_top.v(818): inferring latch(es) for variable "h_col", which holds its previous value in one or more paths through the always construct File: C:/Users/close/OneDrive/Desktop/FinalP/asteroids_top.v Line: 818
Warning (10240): Verilog HDL Always Construct warning at asteroids_top.v(818): inferring latch(es) for variable "hp_digit", which holds its previous value in one or more paths through the always construct File: C:/Users/close/OneDrive/Desktop/FinalP/asteroids_top.v Line: 818
Warning (10240): Verilog HDL Always Construct warning at asteroids_top.v(818): inferring latch(es) for variable "h_cid", which holds its previous value in one or more paths through the always construct File: C:/Users/close/OneDrive/Desktop/FinalP/asteroids_top.v Line: 818
Warning (10240): Verilog HDL Always Construct warning at asteroids_top.v(818): inferring latch(es) for variable "h_row_bits", which holds its previous value in one or more paths through the always construct File: C:/Users/close/OneDrive/Desktop/FinalP/asteroids_top.v Line: 818
Info (12128): Elaborating entity "vga_sync_640x480" for hierarchy "vga_sync_640x480:vga_inst" File: C:/Users/close/OneDrive/Desktop/FinalP/asteroids_top.v Line: 61
Info (12128): Elaborating entity "meteorthing" for hierarchy "meteorthing:meteor0_inst" File: C:/Users/close/OneDrive/Desktop/FinalP/asteroids_top.v Line: 112
Warning (10230): Verilog HDL assignment warning at meteorthing.v(29): truncated value with size 32 to match size of target (10) File: C:/Users/close/OneDrive/Desktop/FinalP/meteorthing.v Line: 29
Info (12128): Elaborating entity "game_core_simple" for hierarchy "game_core_simple:core_inst" File: C:/Users/close/OneDrive/Desktop/FinalP/asteroids_top.v Line: 165
Warning (10230): Verilog HDL assignment warning at game_core_simple.v(154): truncated value with size 33 to match size of target (11) File: C:/Users/close/OneDrive/Desktop/FinalP/game_core_simple.v Line: 154
Warning (10230): Verilog HDL assignment warning at game_core_simple.v(155): truncated value with size 33 to match size of target (11) File: C:/Users/close/OneDrive/Desktop/FinalP/game_core_simple.v Line: 155
Warning (10230): Verilog HDL assignment warning at game_core_simple.v(170): truncated value with size 32 to match size of target (10) File: C:/Users/close/OneDrive/Desktop/FinalP/game_core_simple.v Line: 170
Warning (10230): Verilog HDL assignment warning at game_core_simple.v(171): truncated value with size 32 to match size of target (10) File: C:/Users/close/OneDrive/Desktop/FinalP/game_core_simple.v Line: 171
Warning (10230): Verilog HDL assignment warning at game_core_simple.v(226): truncated value with size 32 to match size of target (10) File: C:/Users/close/OneDrive/Desktop/FinalP/game_core_simple.v Line: 226
Warning (10230): Verilog HDL assignment warning at game_core_simple.v(233): truncated value with size 32 to match size of target (10) File: C:/Users/close/OneDrive/Desktop/FinalP/game_core_simple.v Line: 233
Warning (10230): Verilog HDL assignment warning at game_core_simple.v(235): truncated value with size 32 to match size of target (10) File: C:/Users/close/OneDrive/Desktop/FinalP/game_core_simple.v Line: 235
Warning (10230): Verilog HDL assignment warning at game_core_simple.v(240): truncated value with size 32 to match size of target (10) File: C:/Users/close/OneDrive/Desktop/FinalP/game_core_simple.v Line: 240
Warning (10230): Verilog HDL assignment warning at game_core_simple.v(242): truncated value with size 32 to match size of target (10) File: C:/Users/close/OneDrive/Desktop/FinalP/game_core_simple.v Line: 242
Warning (10230): Verilog HDL assignment warning at game_core_simple.v(247): truncated value with size 32 to match size of target (10) File: C:/Users/close/OneDrive/Desktop/FinalP/game_core_simple.v Line: 247
Warning (10230): Verilog HDL assignment warning at game_core_simple.v(266): truncated value with size 32 to match size of target (10) File: C:/Users/close/OneDrive/Desktop/FinalP/game_core_simple.v Line: 266
Info (12128): Elaborating entity "ship_sprite_color" for hierarchy "ship_sprite_color:ship_color_inst" File: C:/Users/close/OneDrive/Desktop/FinalP/asteroids_top.v Line: 217
Warning (10230): Verilog HDL assignment warning at ship_sprite_color.v(177): truncated value with size 32 to match size of target (10) File: C:/Users/close/OneDrive/Desktop/FinalP/ship_sprite_color.v Line: 177
Warning (10230): Verilog HDL assignment warning at ship_sprite_color.v(178): truncated value with size 32 to match size of target (10) File: C:/Users/close/OneDrive/Desktop/FinalP/ship_sprite_color.v Line: 178
Warning (10230): Verilog HDL assignment warning at ship_sprite_color.v(184): truncated value with size 10 to match size of target (4) File: C:/Users/close/OneDrive/Desktop/FinalP/ship_sprite_color.v Line: 184
Warning (10230): Verilog HDL assignment warning at ship_sprite_color.v(185): truncated value with size 10 to match size of target (4) File: C:/Users/close/OneDrive/Desktop/FinalP/ship_sprite_color.v Line: 185
Warning (10030): Net "rom.data_a" at ship_sprite_color.v(32) has no driver or initial value, using a default initial value '0' File: C:/Users/close/OneDrive/Desktop/FinalP/ship_sprite_color.v Line: 32
Warning (10030): Net "rom.waddr_a" at ship_sprite_color.v(32) has no driver or initial value, using a default initial value '0' File: C:/Users/close/OneDrive/Desktop/FinalP/ship_sprite_color.v Line: 32
Warning (10030): Net "rom.we_a" at ship_sprite_color.v(32) has no driver or initial value, using a default initial value '0' File: C:/Users/close/OneDrive/Desktop/FinalP/ship_sprite_color.v Line: 32
Info (276014): Found 1 instances of uninferred RAM logic
    Info (276007): RAM logic "ship_sprite_color:ship_color_inst|rom" is uninferred due to asynchronous read logic File: C:/Users/close/OneDrive/Desktop/FinalP/ship_sprite_color.v Line: 32
Warning (13004): Presettable and clearable registers converted to equivalent circuits with latches. Registers power-up to an undefined state, and DEVCLRn places the registers in an undefined state.
    Warning (13310): Register "game_core_simple:core_inst|prev_meteor0_y[9]" is converted into an equivalent circuit using register "game_core_simple:core_inst|prev_meteor0_y[9]~_emulated" and latch "game_core_simple:core_inst|prev_meteor0_y[9]~1" File: C:/Users/close/OneDrive/Desktop/FinalP/game_core_simple.v Line: 202
    Warning (13310): Register "game_core_simple:core_inst|prev_meteor0_y[8]" is converted into an equivalent circuit using register "game_core_simple:core_inst|prev_meteor0_y[8]~_emulated" and latch "game_core_simple:core_inst|prev_meteor0_y[8]~5" File: C:/Users/close/OneDrive/Desktop/FinalP/game_core_simple.v Line: 202
    Warning (13310): Register "game_core_simple:core_inst|prev_meteor0_y[7]" is converted into an equivalent circuit using register "game_core_simple:core_inst|prev_meteor0_y[7]~_emulated" and latch "game_core_simple:core_inst|prev_meteor0_y[7]~9" File: C:/Users/close/OneDrive/Desktop/FinalP/game_core_simple.v Line: 202
    Warning (13310): Register "game_core_simple:core_inst|prev_meteor0_y[6]" is converted into an equivalent circuit using register "game_core_simple:core_inst|prev_meteor0_y[6]~_emulated" and latch "game_core_simple:core_inst|prev_meteor0_y[6]~13" File: C:/Users/close/OneDrive/Desktop/FinalP/game_core_simple.v Line: 202
    Warning (13310): Register "game_core_simple:core_inst|prev_meteor0_y[5]" is converted into an equivalent circuit using register "game_core_simple:core_inst|prev_meteor0_y[5]~_emulated" and latch "game_core_simple:core_inst|prev_meteor0_y[5]~17" File: C:/Users/close/OneDrive/Desktop/FinalP/game_core_simple.v Line: 202
    Warning (13310): Register "game_core_simple:core_inst|prev_meteor0_y[4]" is converted into an equivalent circuit using register "game_core_simple:core_inst|prev_meteor0_y[4]~_emulated" and latch "game_core_simple:core_inst|prev_meteor0_y[4]~21" File: C:/Users/close/OneDrive/Desktop/FinalP/game_core_simple.v Line: 202
    Warning (13310): Register "game_core_simple:core_inst|prev_meteor0_y[3]" is converted into an equivalent circuit using register "game_core_simple:core_inst|prev_meteor0_y[3]~_emulated" and latch "game_core_simple:core_inst|prev_meteor0_y[3]~25" File: C:/Users/close/OneDrive/Desktop/FinalP/game_core_simple.v Line: 202
    Warning (13310): Register "game_core_simple:core_inst|prev_meteor0_y[2]" is converted into an equivalent circuit using register "game_core_simple:core_inst|prev_meteor0_y[2]~_emulated" and latch "game_core_simple:core_inst|prev_meteor0_y[2]~29" File: C:/Users/close/OneDrive/Desktop/FinalP/game_core_simple.v Line: 202
    Warning (13310): Register "game_core_simple:core_inst|prev_meteor0_y[1]" is converted into an equivalent circuit using register "game_core_simple:core_inst|prev_meteor0_y[1]~_emulated" and latch "game_core_simple:core_inst|prev_meteor0_y[1]~33" File: C:/Users/close/OneDrive/Desktop/FinalP/game_core_simple.v Line: 202
    Warning (13310): Register "game_core_simple:core_inst|prev_meteor1_y[9]" is converted into an equivalent circuit using register "game_core_simple:core_inst|prev_meteor1_y[9]~_emulated" and latch "game_core_simple:core_inst|prev_meteor1_y[9]~1" File: C:/Users/close/OneDrive/Desktop/FinalP/game_core_simple.v Line: 202
    Warning (13310): Register "game_core_simple:core_inst|prev_meteor1_y[8]" is converted into an equivalent circuit using register "game_core_simple:core_inst|prev_meteor1_y[8]~_emulated" and latch "game_core_simple:core_inst|prev_meteor1_y[8]~5" File: C:/Users/close/OneDrive/Desktop/FinalP/game_core_simple.v Line: 202
    Warning (13310): Register "game_core_simple:core_inst|prev_meteor1_y[7]" is converted into an equivalent circuit using register "game_core_simple:core_inst|prev_meteor1_y[7]~_emulated" and latch "game_core_simple:core_inst|prev_meteor1_y[7]~9" File: C:/Users/close/OneDrive/Desktop/FinalP/game_core_simple.v Line: 202
    Warning (13310): Register "game_core_simple:core_inst|prev_meteor1_y[6]" is converted into an equivalent circuit using register "game_core_simple:core_inst|prev_meteor1_y[6]~_emulated" and latch "game_core_simple:core_inst|prev_meteor1_y[6]~13" File: C:/Users/close/OneDrive/Desktop/FinalP/game_core_simple.v Line: 202
    Warning (13310): Register "game_core_simple:core_inst|prev_meteor1_y[5]" is converted into an equivalent circuit using register "game_core_simple:core_inst|prev_meteor1_y[5]~_emulated" and latch "game_core_simple:core_inst|prev_meteor1_y[5]~17" File: C:/Users/close/OneDrive/Desktop/FinalP/game_core_simple.v Line: 202
    Warning (13310): Register "game_core_simple:core_inst|prev_meteor1_y[4]" is converted into an equivalent circuit using register "game_core_simple:core_inst|prev_meteor1_y[4]~_emulated" and latch "game_core_simple:core_inst|prev_meteor1_y[4]~21" File: C:/Users/close/OneDrive/Desktop/FinalP/game_core_simple.v Line: 202
    Warning (13310): Register "game_core_simple:core_inst|prev_meteor1_y[3]" is converted into an equivalent circuit using register "game_core_simple:core_inst|prev_meteor1_y[3]~_emulated" and latch "game_core_simple:core_inst|prev_meteor1_y[3]~25" File: C:/Users/close/OneDrive/Desktop/FinalP/game_core_simple.v Line: 202
Warning (13024): Output pins are stuck at VCC or GND
    Warning (13410): Pin "VGA_BLANK_N" is stuck at VCC File: C:/Users/close/OneDrive/Desktop/FinalP/asteroids_top.v Line: 19
    Warning (13410): Pin "VGA_SYNC_N" is stuck at GND File: C:/Users/close/OneDrive/Desktop/FinalP/asteroids_top.v Line: 21
Info (286030): Timing-Driven Synthesis is running
Info (17049): 3 registers lost all their fanouts during netlist optimizations.
Info (16010): Generating hard_block partition "hard_block:auto_generated_inst"
    Info (16011): Adding 0 node(s), including 0 DDIO, 0 PLL, 0 transceiver and 0 LCELL
Info (21057): Implemented 1355 device resources after synthesis - the final resource count might be different
    Info (21058): Implemented 9 input pins
    Info (21059): Implemented 29 output pins
    Info (21061): Implemented 1317 logic cells
Info: Quartus Prime Analysis & Synthesis was successful. 0 errors, 78 warnings
    Info: Peak virtual memory: 4896 megabytes
    Info: Processing ended: Mon Dec  8 18:00:47 2025
    Info: Elapsed time: 00:00:09
    Info: Total CPU time (on all processors): 00:00:17


